[INFO] [2016-08-21 19:39:13][org.springframework.web.context.ContextLoader]Root WebApplicationContext: initialization started
[INFO] [2016-08-21 19:39:13][org.springframework.web.context.support.XmlWebApplicationContext]Refreshing Root WebApplicationContext: startup date [Sun Aug 21 19:39:13 GMT+08:00 2016]; root of context hierarchy
[INFO] [2016-08-21 19:39:13][org.springframework.beans.factory.xml.XmlBeanDefinitionReader]Loading XML bean definitions from file [C:\Users\Hand\springmvc_exam\webapp\target\classes\applicationContext-dao.xml]
[INFO] [2016-08-21 19:39:13][org.springframework.beans.factory.xml.XmlBeanDefinitionReader]Loading XML bean definitions from file [C:\Users\Hand\springmvc_exam\webapp\target\classes\applicationContext-service.xml]
[INFO] [2016-08-21 19:39:14][org.springframework.beans.factory.config.PropertyPlaceholderConfigurer]Loading properties file from class path resource [jdbc.properties]
[INFO] [2016-08-21 19:39:14][org.springframework.beans.factory.annotation.AutowiredAnnotationBeanPostProcessor]JSR-330 'javax.inject.Inject' annotation found and supported for autowiring
[INFO] [2016-08-21 19:39:14][org.springframework.web.context.ContextLoader]Root WebApplicationContext: initialization completed in 1319 ms
[INFO] [2016-08-21 19:39:14][org.springframework.web.servlet.DispatcherServlet]FrameworkServlet 'SpringMVC': initialization started
[INFO] [2016-08-21 19:39:14][org.springframework.web.context.support.XmlWebApplicationContext]Refreshing WebApplicationContext for namespace 'SpringMVC-servlet': startup date [Sun Aug 21 19:39:14 GMT+08:00 2016]; parent: Root WebApplicationContext
[INFO] [2016-08-21 19:39:14][org.springframework.beans.factory.xml.XmlBeanDefinitionReader]Loading XML bean definitions from class path resource [springmvc-config.xml]
[INFO] [2016-08-21 19:39:15][org.springframework.beans.factory.annotation.AutowiredAnnotationBeanPostProcessor]JSR-330 'javax.inject.Inject' annotation found and supported for autowiring
[INFO] [2016-08-21 19:39:15][org.springframework.web.servlet.mvc.method.annotation.RequestMappingHandlerMapping]Mapped "{[/deleteCustomer],methods=[],params=[],headers=[],consumes=[],produces=[],custom=[]}" onto public com.hand.webapp.pojo.Result com.hand.webapp.controller.CustomerContoller.deleteCustomer(com.hand.webapp.pojo.Customer) throws java.lang.Exception
[INFO] [2016-08-21 19:39:15][org.springframework.web.servlet.mvc.method.annotation.RequestMappingHandlerMapping]Mapped "{[/saveUpdate],methods=[],params=[],headers=[],consumes=[],produces=[],custom=[]}" onto public java.lang.String com.hand.webapp.controller.CustomerContoller.saveUpdate(com.hand.webapp.pojo.Customer,org.springframework.ui.Model) throws java.lang.Exception
[INFO] [2016-08-21 19:39:15][org.springframework.web.servlet.mvc.method.annotation.RequestMappingHandlerMapping]Mapped "{[/getPages],methods=[],params=[],headers=[],consumes=[],produces=[],custom=[]}" onto public int com.hand.webapp.controller.CustomerContoller.getPages() throws java.lang.Exception
[INFO] [2016-08-21 19:39:15][org.springframework.web.servlet.mvc.method.annotation.RequestMappingHandlerMapping]Mapped "{[/getCustomers],methods=[],params=[],headers=[],consumes=[],produces=[],custom=[]}" onto public java.util.List<com.hand.webapp.pojo.Customer> com.hand.webapp.controller.CustomerContoller.getCustomers(com.hand.webapp.pojo.Page) throws java.lang.Exception
[INFO] [2016-08-21 19:39:15][org.springframework.web.servlet.mvc.method.annotation.RequestMappingHandlerMapping]Mapped "{[/saveInsert],methods=[],params=[],headers=[],consumes=[],produces=[],custom=[]}" onto public java.lang.String com.hand.webapp.controller.CustomerContoller.saveInsert(com.hand.webapp.pojo.Customer,org.springframework.ui.Model) throws java.lang.Exception
[INFO] [2016-08-21 19:39:15][org.springframework.web.servlet.mvc.method.annotation.RequestMappingHandlerMapping]Mapped "{[/logOut],methods=[],params=[],headers=[],consumes=[],produces=[],custom=[]}" onto public java.lang.String com.hand.webapp.controller.CustomerContoller.logOut(javax.servlet.http.HttpSession) throws java.lang.Exception
[INFO] [2016-08-21 19:39:15][org.springframework.web.servlet.mvc.method.annotation.RequestMappingHandlerMapping]Mapped "{[/getAddresses],methods=[],params=[],headers=[],consumes=[],produces=[],custom=[]}" onto public java.util.List<com.hand.webapp.pojo.Address> com.hand.webapp.controller.CustomerContoller.getAddresses() throws java.lang.Exception
[INFO] [2016-08-21 19:39:15][org.springframework.web.servlet.mvc.method.annotation.RequestMappingHandlerMapping]Mapped "{[/editItem],methods=[],params=[],headers=[],consumes=[],produces=[],custom=[]}" onto public java.lang.String com.hand.webapp.controller.CustomerContoller.editItem(int,org.springframework.ui.Model) throws java.lang.Exception
[INFO] [2016-08-21 19:39:15][org.springframework.web.servlet.mvc.method.annotation.RequestMappingHandlerMapping]Mapped "{[/loginCheck],methods=[],params=[],headers=[],consumes=[],produces=[],custom=[]}" onto public java.lang.String com.hand.webapp.controller.CustomerContoller.loginCheck(com.hand.webapp.pojo.Customer,org.springframework.ui.Model) throws java.lang.Exception
[INFO] [2016-08-21 19:39:15][org.hibernate.validator.internal.util.Version]HV000001: Hibernate Validator 5.2.4.Final
[INFO] [2016-08-21 19:39:16][org.springframework.web.servlet.handler.SimpleUrlHandlerMapping]Mapped URL path [/index] onto handler of type [class org.springframework.web.servlet.mvc.ParameterizableViewController]
[INFO] [2016-08-21 19:39:16][org.springframework.web.servlet.handler.SimpleUrlHandlerMapping]Mapped URL path [/insert] onto handler of type [class org.springframework.web.servlet.mvc.ParameterizableViewController]
[INFO] [2016-08-21 19:39:16][org.springframework.web.servlet.handler.SimpleUrlHandlerMapping]Mapped URL path [/login] onto handler of type [class org.springframework.web.servlet.mvc.ParameterizableViewController]
[INFO] [2016-08-21 19:39:16][org.springframework.web.servlet.handler.SimpleUrlHandlerMapping]Mapped URL path [/edit] onto handler of type [class org.springframework.web.servlet.mvc.ParameterizableViewController]
[INFO] [2016-08-21 19:39:16][org.springframework.web.servlet.handler.SimpleUrlHandlerMapping]Mapped URL path [/**] onto handler 'org.springframework.web.servlet.resource.DefaultServletHttpRequestHandler#0'
[INFO] [2016-08-21 19:39:16][org.springframework.web.servlet.handler.SimpleUrlHandlerMapping]Mapped URL path [/js/**] onto handler 'org.springframework.web.servlet.resource.ResourceHttpRequestHandler#0'
[INFO] [2016-08-21 19:39:16][org.springframework.web.servlet.handler.SimpleUrlHandlerMapping]Mapped URL path [/css/**] onto handler 'org.springframework.web.servlet.resource.ResourceHttpRequestHandler#1'
[INFO] [2016-08-21 19:39:17][org.springframework.web.servlet.DispatcherServlet]FrameworkServlet 'SpringMVC': initialization completed in 2173 ms
[INFO] [2016-08-21 19:40:00][org.springframework.beans.factory.xml.XmlBeanDefinitionReader]Loading XML bean definitions from class path resource [org/springframework/jdbc/support/sql-error-codes.xml]
[INFO] [2016-08-21 19:40:00][org.springframework.jdbc.support.SQLErrorCodesFactory]SQLErrorCodes loaded: [DB2, Derby, H2, HSQL, Informix, MS-SQL, MySQL, Oracle, PostgreSQL, Sybase]
[INFO] [2016-08-21 19:41:25][org.springframework.web.context.support.XmlWebApplicationContext]Closing WebApplicationContext for namespace 'SpringMVC-servlet': startup date [Sun Aug 21 19:39:14 GMT+08:00 2016]; parent: Root WebApplicationContext
[INFO] [2016-08-21 19:41:26][org.springframework.web.context.support.XmlWebApplicationContext]Closing Root WebApplicationContext: startup date [Sun Aug 21 19:39:13 GMT+08:00 2016]; root of context hierarchy
[INFO] [2016-08-21 19:41:42][org.springframework.web.context.ContextLoader]Root WebApplicationContext: initialization started
[INFO] [2016-08-21 19:41:42][org.springframework.web.context.support.XmlWebApplicationContext]Refreshing Root WebApplicationContext: startup date [Sun Aug 21 19:41:42 GMT+08:00 2016]; root of context hierarchy
[INFO] [2016-08-21 19:41:42][org.springframework.beans.factory.xml.XmlBeanDefinitionReader]Loading XML bean definitions from file [C:\Users\Hand\springmvc_exam\webapp\target\classes\applicationContext-dao.xml]
[INFO] [2016-08-21 19:41:42][org.springframework.beans.factory.xml.XmlBeanDefinitionReader]Loading XML bean definitions from file [C:\Users\Hand\springmvc_exam\webapp\target\classes\applicationContext-service.xml]
[INFO] [2016-08-21 19:41:42][org.springframework.beans.factory.config.PropertyPlaceholderConfigurer]Loading properties file from class path resource [jdbc.properties]
[INFO] [2016-08-21 19:41:42][org.springframework.beans.factory.annotation.AutowiredAnnotationBeanPostProcessor]JSR-330 'javax.inject.Inject' annotation found and supported for autowiring
[INFO] [2016-08-21 19:41:43][org.springframework.web.context.ContextLoader]Root WebApplicationContext: initialization completed in 941 ms
[INFO] [2016-08-21 19:41:43][org.springframework.web.servlet.DispatcherServlet]FrameworkServlet 'SpringMVC': initialization started
[INFO] [2016-08-21 19:41:43][org.springframework.web.context.support.XmlWebApplicationContext]Refreshing WebApplicationContext for namespace 'SpringMVC-servlet': startup date [Sun Aug 21 19:41:43 GMT+08:00 2016]; parent: Root WebApplicationContext
[INFO] [2016-08-21 19:41:43][org.springframework.beans.factory.xml.XmlBeanDefinitionReader]Loading XML bean definitions from class path resource [springmvc-config.xml]
[INFO] [2016-08-21 19:41:43][org.springframework.beans.factory.annotation.AutowiredAnnotationBeanPostProcessor]JSR-330 'javax.inject.Inject' annotation found and supported for autowiring
[INFO] [2016-08-21 19:41:43][org.springframework.web.servlet.mvc.method.annotation.RequestMappingHandlerMapping]Mapped "{[/getPages],methods=[],params=[],headers=[],consumes=[],produces=[],custom=[]}" onto public int com.hand.webapp.controller.CustomerContoller.getPages() throws java.lang.Exception
[INFO] [2016-08-21 19:41:43][org.springframework.web.servlet.mvc.method.annotation.RequestMappingHandlerMapping]Mapped "{[/saveInsert],methods=[],params=[],headers=[],consumes=[],produces=[],custom=[]}" onto public java.lang.String com.hand.webapp.controller.CustomerContoller.saveInsert(com.hand.webapp.pojo.Customer,org.springframework.ui.Model) throws java.lang.Exception
[INFO] [2016-08-21 19:41:43][org.springframework.web.servlet.mvc.method.annotation.RequestMappingHandlerMapping]Mapped "{[/deleteCustomer],methods=[],params=[],headers=[],consumes=[],produces=[],custom=[]}" onto public com.hand.webapp.pojo.Result com.hand.webapp.controller.CustomerContoller.deleteCustomer(com.hand.webapp.pojo.Customer) throws java.lang.Exception
[INFO] [2016-08-21 19:41:43][org.springframework.web.servlet.mvc.method.annotation.RequestMappingHandlerMapping]Mapped "{[/loginCheck],methods=[],params=[],headers=[],consumes=[],produces=[],custom=[]}" onto public java.lang.String com.hand.webapp.controller.CustomerContoller.loginCheck(com.hand.webapp.pojo.Customer,org.springframework.ui.Model) throws java.lang.Exception
[INFO] [2016-08-21 19:41:43][org.springframework.web.servlet.mvc.method.annotation.RequestMappingHandlerMapping]Mapped "{[/getCustomers],methods=[],params=[],headers=[],consumes=[],produces=[],custom=[]}" onto public java.util.List<com.hand.webapp.pojo.Customer> com.hand.webapp.controller.CustomerContoller.getCustomers(com.hand.webapp.pojo.Page) throws java.lang.Exception
[INFO] [2016-08-21 19:41:43][org.springframework.web.servlet.mvc.method.annotation.RequestMappingHandlerMapping]Mapped "{[/editItem],methods=[],params=[],headers=[],consumes=[],produces=[],custom=[]}" onto public java.lang.String com.hand.webapp.controller.CustomerContoller.editItem(int,org.springframework.ui.Model) throws java.lang.Exception
[INFO] [2016-08-21 19:41:43][org.springframework.web.servlet.mvc.method.annotation.RequestMappingHandlerMapping]Mapped "{[/saveUpdate],methods=[],params=[],headers=[],consumes=[],produces=[],custom=[]}" onto public java.lang.String com.hand.webapp.controller.CustomerContoller.saveUpdate(com.hand.webapp.pojo.Customer,org.springframework.ui.Model) throws java.lang.Exception
[INFO] [2016-08-21 19:41:43][org.springframework.web.servlet.mvc.method.annotation.RequestMappingHandlerMapping]Mapped "{[/getAddresses],methods=[],params=[],headers=[],consumes=[],produces=[],custom=[]}" onto public java.util.List<com.hand.webapp.pojo.Address> com.hand.webapp.controller.CustomerContoller.getAddresses() throws java.lang.Exception
[INFO] [2016-08-21 19:41:43][org.springframework.web.servlet.mvc.method.annotation.RequestMappingHandlerMapping]Mapped "{[/logOut],methods=[],params=[],headers=[],consumes=[],produces=[],custom=[]}" onto public java.lang.String com.hand.webapp.controller.CustomerContoller.logOut(javax.servlet.http.HttpSession) throws java.lang.Exception
[INFO] [2016-08-21 19:41:43][org.hibernate.validator.internal.util.Version]HV000001: Hibernate Validator 5.2.4.Final
[INFO] [2016-08-21 19:41:44][org.springframework.web.servlet.handler.SimpleUrlHandlerMapping]Mapped URL path [/index] onto handler of type [class org.springframework.web.servlet.mvc.ParameterizableViewController]
[INFO] [2016-08-21 19:41:44][org.springframework.web.servlet.handler.SimpleUrlHandlerMapping]Mapped URL path [/insert] onto handler of type [class org.springframework.web.servlet.mvc.ParameterizableViewController]
[INFO] [2016-08-21 19:41:44][org.springframework.web.servlet.handler.SimpleUrlHandlerMapping]Mapped URL path [/login] onto handler of type [class org.springframework.web.servlet.mvc.ParameterizableViewController]
[INFO] [2016-08-21 19:41:44][org.springframework.web.servlet.handler.SimpleUrlHandlerMapping]Mapped URL path [/edit] onto handler of type [class org.springframework.web.servlet.mvc.ParameterizableViewController]
[INFO] [2016-08-21 19:41:44][org.springframework.web.servlet.handler.SimpleUrlHandlerMapping]Mapped URL path [/**] onto handler 'org.springframework.web.servlet.resource.DefaultServletHttpRequestHandler#0'
[INFO] [2016-08-21 19:41:44][org.springframework.web.servlet.handler.SimpleUrlHandlerMapping]Mapped URL path [/js/**] onto handler 'org.springframework.web.servlet.resource.ResourceHttpRequestHandler#0'
[INFO] [2016-08-21 19:41:44][org.springframework.web.servlet.handler.SimpleUrlHandlerMapping]Mapped URL path [/css/**] onto handler 'org.springframework.web.servlet.resource.ResourceHttpRequestHandler#1'
[INFO] [2016-08-21 19:41:44][org.springframework.web.servlet.DispatcherServlet]FrameworkServlet 'SpringMVC': initialization completed in 1398 ms
